-------------------------------------------------------------------------------
Test set: Tests.AvatarTests
-------------------------------------------------------------------------------
Tests run: 1, Failures: 1, Errors: 0, Skipped: 0, Time elapsed: 11.708 s <<< FAILURE! - in Tests.AvatarTests
AvatarSet  Time elapsed: 11.496 s  <<< FAILURE!
java.lang.AssertionError: 
1 expectation failed.
Expected status code <200> but was <500>.

	at Tests.AvatarTests.AvatarSet(AvatarTests.java:24)

